2024-01-20T20:13:16.545+08:00  INFO 5952 --- [main] com.itranswarp.learnjava.Application     : Starting Application using Java 17.0.9 with PID 5952 (D:\java\springboot-hello\target\classes started by hello in D:\java\springboot-hello)
2024-01-20T20:13:16.551+08:00  INFO 5952 --- [main] com.itranswarp.learnjava.Application     : No active profile set, falling back to 1 default profile: "default"
2024-01-20T20:13:17.127+08:00  INFO 5952 --- [main] o.s.b.w.embedded.tomcat.TomcatWebServer  : Tomcat initialized with port(s): 8080 (http)
2024-01-20T20:13:17.133+08:00  INFO 5952 --- [main] o.apache.catalina.core.StandardService   : Starting service [Tomcat]
2024-01-20T20:13:17.134+08:00  INFO 5952 --- [main] o.apache.catalina.core.StandardEngine    : Starting Servlet engine: [Apache Tomcat/10.1.1]
2024-01-20T20:13:17.181+08:00  INFO 5952 --- [main] o.a.c.c.C.[Tomcat].[localhost].[/]       : Initializing Spring embedded WebApplicationContext
2024-01-20T20:13:17.182+08:00  INFO 5952 --- [main] w.s.c.ServletWebServerApplicationContext : Root WebApplicationContext: initialization completed in 605 ms
2024-01-20T20:13:17.229+08:00  WARN 5952 --- [main] com.zaxxer.hikari.HikariConfig           : HikariPool-1 - idleTimeout is close to or more than maxLifetime, disabling it.
2024-01-20T20:13:17.230+08:00  INFO 5952 --- [main] com.zaxxer.hikari.HikariDataSource       : HikariPool-1 - Starting...
2024-01-20T20:13:17.359+08:00  INFO 5952 --- [main] com.zaxxer.hikari.pool.PoolBase          : HikariPool-1 - Driver does not support get/set network timeout for connections. (feature not supported)
2024-01-20T20:13:17.360+08:00  INFO 5952 --- [main] com.zaxxer.hikari.pool.HikariPool        : HikariPool-1 - Added connection org.hsqldb.jdbc.JDBCConnection@7951c3a2
2024-01-20T20:13:17.361+08:00  INFO 5952 --- [main] com.zaxxer.hikari.HikariDataSource       : HikariPool-1 - Start completed.
2024-01-20T20:13:17.500+08:00  WARN 5952 --- [main] ocalVariableTableParameterNameDiscoverer : Using deprecated '-debug' fallback for parameter name resolution. Compile the affected code with '-parameters' instead or avoid its introspection: io.pebbletemplates.boot.autoconfigure.PebbleServletWebConfiguration
2024-01-20T20:13:17.502+08:00  WARN 5952 --- [main] ocalVariableTableParameterNameDiscoverer : Using deprecated '-debug' fallback for parameter name resolution. Compile the affected code with '-parameters' instead or avoid its introspection: io.pebbletemplates.boot.autoconfigure.PebbleAutoConfiguration
2024-01-20T20:13:17.565+08:00  INFO 5952 --- [main] o.s.b.w.embedded.tomcat.TomcatWebServer  : Tomcat started on port(s): 8080 (http) with context path ''
2024-01-20T20:13:17.570+08:00  INFO 5952 --- [main] com.itranswarp.learnjava.Application     : Started Application in 1.457 seconds (process running for 1.94)
2024-01-20T20:13:31.378+08:00  INFO 5952 --- [http-nio-8080-exec-1] o.a.c.c.C.[Tomcat].[localhost].[/]       : Initializing Spring DispatcherServlet 'dispatcherServlet'
2024-01-20T20:13:31.378+08:00  INFO 5952 --- [http-nio-8080-exec-1] o.s.web.servlet.DispatcherServlet        : Initializing Servlet 'dispatcherServlet'
2024-01-20T20:13:31.379+08:00  INFO 5952 --- [http-nio-8080-exec-1] o.s.web.servlet.DispatcherServlet        : Completed initialization in 1 ms
2024-01-20T20:16:08.802+08:00  INFO 5952 --- [SpringApplicationShutdownHook] com.zaxxer.hikari.HikariDataSource       : HikariPool-1 - Shutdown initiated...
2024-01-20T20:16:08.804+08:00  INFO 5952 --- [SpringApplicationShutdownHook] com.zaxxer.hikari.HikariDataSource       : HikariPool-1 - Shutdown completed.
2024-01-20T20:16:12.986+08:00  INFO 27608 --- [restartedMain] com.itranswarp.learnjava.Application     : Starting Application using Java 17.0.9 with PID 27608 (D:\java\springboot-hello\target\classes started by hello in D:\java\springboot-hello)
2024-01-20T20:16:12.988+08:00  INFO 27608 --- [restartedMain] com.itranswarp.learnjava.Application     : No active profile set, falling back to 1 default profile: "default"
2024-01-20T20:16:13.018+08:00  INFO 27608 --- [restartedMain] .e.DevToolsPropertyDefaultsPostProcessor : Devtools property defaults active! Set 'spring.devtools.add-properties' to 'false' to disable
2024-01-20T20:16:13.019+08:00  INFO 27608 --- [restartedMain] .e.DevToolsPropertyDefaultsPostProcessor : For additional web related logging consider setting the 'logging.level.web' property to 'DEBUG'
2024-01-20T20:16:13.534+08:00  INFO 27608 --- [restartedMain] o.s.b.w.embedded.tomcat.TomcatWebServer  : Tomcat initialized with port(s): 8080 (http)
2024-01-20T20:16:13.540+08:00  INFO 27608 --- [restartedMain] o.apache.catalina.core.StandardService   : Starting service [Tomcat]
2024-01-20T20:16:13.541+08:00  INFO 27608 --- [restartedMain] o.apache.catalina.core.StandardEngine    : Starting Servlet engine: [Apache Tomcat/10.1.1]
2024-01-20T20:16:13.572+08:00  INFO 27608 --- [restartedMain] o.a.c.c.C.[Tomcat].[localhost].[/]       : Initializing Spring embedded WebApplicationContext
2024-01-20T20:16:13.572+08:00  INFO 27608 --- [restartedMain] w.s.c.ServletWebServerApplicationContext : Root WebApplicationContext: initialization completed in 553 ms
2024-01-20T20:16:13.625+08:00  WARN 27608 --- [restartedMain] com.zaxxer.hikari.HikariConfig           : HikariPool-1 - idleTimeout is close to or more than maxLifetime, disabling it.
2024-01-20T20:16:13.626+08:00  INFO 27608 --- [restartedMain] com.zaxxer.hikari.HikariDataSource       : HikariPool-1 - Starting...
2024-01-20T20:16:17.873+08:00  INFO 27608 --- [restartedMain] com.zaxxer.hikari.pool.PoolBase          : HikariPool-1 - Driver does not support get/set network timeout for connections. (feature not supported)
2024-01-20T20:16:17.874+08:00  INFO 27608 --- [restartedMain] com.zaxxer.hikari.pool.HikariPool        : HikariPool-1 - Added connection org.hsqldb.jdbc.JDBCConnection@e964da0
2024-01-20T20:16:17.875+08:00  INFO 27608 --- [restartedMain] com.zaxxer.hikari.HikariDataSource       : HikariPool-1 - Start completed.
2024-01-20T20:16:18.019+08:00  WARN 27608 --- [restartedMain] ocalVariableTableParameterNameDiscoverer : Using deprecated '-debug' fallback for parameter name resolution. Compile the affected code with '-parameters' instead or avoid its introspection: io.pebbletemplates.boot.autoconfigure.PebbleServletWebConfiguration
2024-01-20T20:16:18.022+08:00  WARN 27608 --- [restartedMain] ocalVariableTableParameterNameDiscoverer : Using deprecated '-debug' fallback for parameter name resolution. Compile the affected code with '-parameters' instead or avoid its introspection: io.pebbletemplates.boot.autoconfigure.PebbleAutoConfiguration
2024-01-20T20:16:18.078+08:00  INFO 27608 --- [restartedMain] o.s.b.d.a.OptionalLiveReloadServer       : LiveReload server is running on port 35729
2024-01-20T20:16:18.104+08:00  INFO 27608 --- [restartedMain] o.s.b.w.embedded.tomcat.TomcatWebServer  : Tomcat started on port(s): 8080 (http) with context path ''
2024-01-20T20:16:18.112+08:00  INFO 27608 --- [restartedMain] com.itranswarp.learnjava.Application     : Started Application in 5.408 seconds (process running for 5.813)
2024-01-20T20:21:11.803+08:00  INFO 27608 --- [SpringApplicationShutdownHook] com.zaxxer.hikari.HikariDataSource       : HikariPool-1 - Shutdown initiated...
2024-01-20T20:21:11.806+08:00  INFO 27608 --- [SpringApplicationShutdownHook] com.zaxxer.hikari.HikariDataSource       : HikariPool-1 - Shutdown completed.
2024-01-20T20:21:15.468+08:00  INFO 10568 --- [restartedMain] com.itranswarp.learnjava.Application     : Starting Application using Java 17.0.9 with PID 10568 (D:\java\springboot-hello\target\classes started by hello in D:\java\springboot-hello)
2024-01-20T20:21:15.471+08:00  INFO 10568 --- [restartedMain] com.itranswarp.learnjava.Application     : No active profile set, falling back to 1 default profile: "default"
2024-01-20T20:21:15.498+08:00  INFO 10568 --- [restartedMain] .e.DevToolsPropertyDefaultsPostProcessor : Devtools property defaults active! Set 'spring.devtools.add-properties' to 'false' to disable
2024-01-20T20:21:15.498+08:00  INFO 10568 --- [restartedMain] .e.DevToolsPropertyDefaultsPostProcessor : For additional web related logging consider setting the 'logging.level.web' property to 'DEBUG'
2024-01-20T20:21:16.149+08:00  INFO 10568 --- [restartedMain] o.s.b.w.embedded.tomcat.TomcatWebServer  : Tomcat initialized with port(s): 8080 (http)
2024-01-20T20:21:16.156+08:00  INFO 10568 --- [restartedMain] o.apache.catalina.core.StandardService   : Starting service [Tomcat]
2024-01-20T20:21:16.156+08:00  INFO 10568 --- [restartedMain] o.apache.catalina.core.StandardEngine    : Starting Servlet engine: [Apache Tomcat/10.1.1]
2024-01-20T20:21:16.199+08:00  INFO 10568 --- [restartedMain] o.a.c.c.C.[Tomcat].[localhost].[/]       : Initializing Spring embedded WebApplicationContext
2024-01-20T20:21:16.200+08:00  INFO 10568 --- [restartedMain] w.s.c.ServletWebServerApplicationContext : Root WebApplicationContext: initialization completed in 702 ms
2024-01-20T20:21:16.276+08:00  WARN 10568 --- [restartedMain] com.zaxxer.hikari.HikariConfig           : HikariPool-1 - idleTimeout is close to or more than maxLifetime, disabling it.
2024-01-20T20:21:16.276+08:00  INFO 10568 --- [restartedMain] com.zaxxer.hikari.HikariDataSource       : HikariPool-1 - Starting...
2024-01-20T20:21:18.480+08:00  INFO 10568 --- [restartedMain] com.zaxxer.hikari.pool.PoolBase          : HikariPool-1 - Driver does not support get/set network timeout for connections. (feature not supported)
2024-01-20T20:21:18.480+08:00  INFO 10568 --- [restartedMain] com.zaxxer.hikari.pool.HikariPool        : HikariPool-1 - Added connection org.hsqldb.jdbc.JDBCConnection@69286990
2024-01-20T20:21:18.482+08:00  INFO 10568 --- [restartedMain] com.zaxxer.hikari.HikariDataSource       : HikariPool-1 - Start completed.
2024-01-20T20:21:18.663+08:00  WARN 10568 --- [restartedMain] ocalVariableTableParameterNameDiscoverer : Using deprecated '-debug' fallback for parameter name resolution. Compile the affected code with '-parameters' instead or avoid its introspection: io.pebbletemplates.boot.autoconfigure.PebbleServletWebConfiguration
2024-01-20T20:21:18.667+08:00  WARN 10568 --- [restartedMain] ocalVariableTableParameterNameDiscoverer : Using deprecated '-debug' fallback for parameter name resolution. Compile the affected code with '-parameters' instead or avoid its introspection: io.pebbletemplates.boot.autoconfigure.PebbleAutoConfiguration
2024-01-20T20:21:18.736+08:00  INFO 10568 --- [restartedMain] o.s.b.d.a.OptionalLiveReloadServer       : LiveReload server is running on port 35729
2024-01-20T20:21:18.762+08:00  INFO 10568 --- [restartedMain] o.s.b.w.embedded.tomcat.TomcatWebServer  : Tomcat started on port(s): 8080 (http) with context path ''
2024-01-20T20:21:18.770+08:00  INFO 10568 --- [restartedMain] com.itranswarp.learnjava.Application     : Started Application in 3.596 seconds (process running for 4.657)
2024-01-20T20:24:28.402+08:00  INFO 10568 --- [SpringApplicationShutdownHook] com.zaxxer.hikari.HikariDataSource       : HikariPool-1 - Shutdown initiated...
2024-01-20T20:24:28.409+08:00  INFO 10568 --- [SpringApplicationShutdownHook] com.zaxxer.hikari.HikariDataSource       : HikariPool-1 - Shutdown completed.
2024-01-24 06:13:20.139  INFO 24152 --- [main] com.itranswarp.learnjava.Application     : Starting Application on wgh with PID 24152 (D:\java\springboot-mybatis\target\classes started by hello in D:\java\springboot-mybatis)
2024-01-24 06:13:20.142  INFO 24152 --- [main] com.itranswarp.learnjava.Application     : No active profile set, falling back to default profiles: default
2024-01-24 06:13:20.181  INFO 24152 --- [main] s.c.a.AnnotationConfigApplicationContext : Refreshing org.springframework.context.annotation.AnnotationConfigApplicationContext@6c2c1385: startup date [Wed Jan 24 06:13:20 GMT+08:00 2024]; root of context hierarchy
2024-01-24 06:13:20.365  WARN 24152 --- [main] o.m.s.mapper.ClassPathMapperScanner      : No MyBatis mapper was found in '[com.itranswarp.learnjava]' package. Please check your configuration.
2024-01-24 06:13:20.417 ERROR 24152 --- [main] o.s.boot.SpringApplication               : Application run failed

java.lang.IllegalStateException: Cannot load configuration class: com.itranswarp.learnjava.Application
	at org.springframework.context.annotation.ConfigurationClassPostProcessor.enhanceConfigurationClasses(ConfigurationClassPostProcessor.java:414)
	at org.springframework.context.annotation.ConfigurationClassPostProcessor.postProcessBeanFactory(ConfigurationClassPostProcessor.java:254)
	at org.springframework.context.support.PostProcessorRegistrationDelegate.invokeBeanFactoryPostProcessors(PostProcessorRegistrationDelegate.java:282)
	at org.springframework.context.support.PostProcessorRegistrationDelegate.invokeBeanFactoryPostProcessors(PostProcessorRegistrationDelegate.java:126)
	at org.springframework.context.support.AbstractApplicationContext.invokeBeanFactoryPostProcessors(AbstractApplicationContext.java:694)
	at org.springframework.context.support.AbstractApplicationContext.refresh(AbstractApplicationContext.java:532)
	at org.springframework.boot.SpringApplication.refresh(SpringApplication.java:780)
	at org.springframework.boot.SpringApplication.refreshContext(SpringApplication.java:412)
	at org.springframework.boot.SpringApplication.run(SpringApplication.java:333)
	at org.springframework.boot.SpringApplication.run(SpringApplication.java:1277)
	at org.springframework.boot.SpringApplication.run(SpringApplication.java:1265)
	at com.itranswarp.learnjava.Application.main(Application.java:12)
Caused by: java.lang.ExceptionInInitializerError: null
	at org.springframework.context.annotation.ConfigurationClassEnhancer.newEnhancer(ConfigurationClassEnhancer.java:122)
	at org.springframework.context.annotation.ConfigurationClassEnhancer.enhance(ConfigurationClassEnhancer.java:110)
	at org.springframework.context.annotation.ConfigurationClassPostProcessor.enhanceConfigurationClasses(ConfigurationClassPostProcessor.java:403)
	... 11 common frames omitted
Caused by: org.springframework.cglib.core.CodeGenerationException: java.lang.reflect.InaccessibleObjectException-->Unable to make protected final java.lang.Class java.lang.ClassLoader.defineClass(java.lang.String,byte[],int,int,java.security.ProtectionDomain) throws java.lang.ClassFormatError accessible: module java.base does not "opens java.lang" to unnamed module @c267ef4
	at org.springframework.cglib.core.ReflectUtils.defineClass(ReflectUtils.java:464)
	at org.springframework.cglib.core.AbstractClassGenerator.generate(AbstractClassGenerator.java:336)
	at org.springframework.cglib.core.AbstractClassGenerator$ClassLoaderData$3.apply(AbstractClassGenerator.java:93)
	at org.springframework.cglib.core.AbstractClassGenerator$ClassLoaderData$3.apply(AbstractClassGenerator.java:91)
	at org.springframework.cglib.core.internal.LoadingCache$2.call(LoadingCache.java:54)
	at java.base/java.util.concurrent.FutureTask.run(FutureTask.java:264)
	at org.springframework.cglib.core.internal.LoadingCache.createEntry(LoadingCache.java:61)
	at org.springframework.cglib.core.internal.LoadingCache.get(LoadingCache.java:34)
	at org.springframework.cglib.core.AbstractClassGenerator$ClassLoaderData.get(AbstractClassGenerator.java:116)
	at org.springframework.cglib.core.AbstractClassGenerator.create(AbstractClassGenerator.java:291)
	at org.springframework.cglib.core.KeyFactory$Generator.create(KeyFactory.java:221)
	at org.springframework.cglib.core.KeyFactory.create(KeyFactory.java:174)
	at org.springframework.cglib.core.KeyFactory.create(KeyFactory.java:153)
	at org.springframework.cglib.proxy.Enhancer.<clinit>(Enhancer.java:73)
	... 14 common frames omitted
Caused by: java.lang.reflect.InaccessibleObjectException: Unable to make protected final java.lang.Class java.lang.ClassLoader.defineClass(java.lang.String,byte[],int,int,java.security.ProtectionDomain) throws java.lang.ClassFormatError accessible: module java.base does not "opens java.lang" to unnamed module @c267ef4
	at java.base/java.lang.reflect.AccessibleObject.checkCanSetAccessible(AccessibleObject.java:354)
	at java.base/java.lang.reflect.AccessibleObject.checkCanSetAccessible(AccessibleObject.java:297)
	at java.base/java.lang.reflect.Method.checkCanSetAccessible(Method.java:199)
	at java.base/java.lang.reflect.Method.setAccessible(Method.java:193)
	at org.springframework.cglib.core.ReflectUtils$1.run(ReflectUtils.java:61)
	at java.base/java.security.AccessController.doPrivileged(AccessController.java:569)
	at org.springframework.cglib.core.ReflectUtils.<clinit>(ReflectUtils.java:52)
	at org.springframework.cglib.core.KeyFactory$Generator.generateClass(KeyFactory.java:243)
	at org.springframework.cglib.core.DefaultGeneratorStrategy.generate(DefaultGeneratorStrategy.java:25)
	at org.springframework.cglib.core.AbstractClassGenerator.generate(AbstractClassGenerator.java:329)
	... 26 common frames omitted

2024-01-24 06:13:20.418  INFO 24152 --- [main] s.c.a.AnnotationConfigApplicationContext : Closing org.springframework.context.annotation.AnnotationConfigApplicationContext@6c2c1385: startup date [Wed Jan 24 06:13:20 GMT+08:00 2024]; root of context hierarchy
